<?xml version="1.0" encoding="UTF-8"?>
<!-- Generated by org.testng.reporters.JUnitReportReporter -->
<testsuite hostname="DESKTOP-QP469N6" failures="0" tests="1" name="Rough.Rough" time="3.728" errors="0" timestamp="19 Oct 2018 19:47:11 GMT" skipped="0">
  <testcase classname="Rough.Rough" name="test" time="3.728"/>
</testsuite> <!-- Rough.Rough -->
