<?xml version="1.0" encoding="UTF-8"?>
<!-- Generated by org.testng.reporters.JUnitReportReporter -->
<testsuite hostname="DESKTOP-QP469N6" failures="0" tests="1" name="GettingSessionID.GettingSessionID" time="4.174" errors="0" timestamp="15 Oct 2018 20:14:41 GMT" skipped="0">
  <testcase classname="GettingSessionID.GettingSessionID" name="gettingSessionID_POST_Request" time="4.174"/>
</testsuite> <!-- GettingSessionID.GettingSessionID -->
