<?xml version="1.0" encoding="UTF-8"?>
<!-- Generated by org.testng.reporters.JUnitReportReporter -->
<testsuite hostname="DESKTOP-QP469N6" failures="0" tests="1" name="TestCases.Validating_SessionID" time="7.172" errors="0" timestamp="19 Oct 2018 18:59:25 GMT" skipped="0">
  <testcase classname="TestCases.Validating_SessionID" name="validating_Session_ID_StatusCode" time="7.172"/>
</testsuite> <!-- TestCases.Validating_SessionID -->
