<?xml version="1.0" encoding="UTF-8"?>
<!-- Generated by org.testng.reporters.JUnitReportReporter -->
<testsuite hostname="DESKTOP-QP469N6" failures="0" tests="2" name="Rough.Rough" time="1.188" errors="0" timestamp="21 Oct 2018 07:43:06 GMT" skipped="0">
  <testcase classname="Rough.Rough" name="test" time="1.184"/>
  <testcase classname="Rough.Rough" name="validatingId" time="0.004"/>
</testsuite> <!-- Rough.Rough -->
