<?xml version="1.0" encoding="UTF-8"?>
<!-- Generated by org.testng.reporters.JUnitReportReporter -->
<testsuite hostname="DESKTOP-QP469N6" failures="0" tests="1" name="CreatingBug.CreatingJiraBug" time="23.792" errors="0" timestamp="17 Oct 2018 04:02:53 GMT" skipped="0">
  <testcase classname="CreatingBug.CreatingJiraBug" name="creatingBug" time="23.792"/>
</testsuite> <!-- CreatingBug.CreatingJiraBug -->
